

initializing setup service...
starting installer...
Loading package database...
starting package maintenance...
installation directory: "C:\Users\Grishma Ray Pandeya\AppData\Local\Programs\MiKTeX 2.9"
package repository: C:\Users\GRISHM~1\AppData\Local\Temp\mik4506
visiting repository C:\Users\GRISHM~1\AppData\Local\Temp\mik4506...
repository type: local package repository
loading lightweight database...
lightweight database digest: f775944a6aa7a1a27673ffa2f782002a
going to install 10623 file(s) (207 package(s))
extracting files from ae.tar.lzma...
extracting files from amscls.tar.lzma...
extracting files from amsfonts.tar.lzma...
extracting files from amsmath.tar.lzma...
extracting files from avantgar.cab...
extracting files from babel.tar.lzma...
extracting files from babel-english.tar.lzma...
extracting files from babel-french.tar.lzma...
extracting files from babel-german.tar.lzma...
extracting files from babel-spanish.tar.lzma...
extracting files from bibtex.tar.lzma...
extracting files from bibtex8bit.tar.lzma...
extracting files from bibtex8bit-polish.tar.lzma...
extracting files from bidi.tar.lzma...
extracting files from bookman.cab...
extracting files from carlisle.tar.lzma...
extracting files from cbcoptic.tar.lzma...
extracting files from chktex.tar.lzma...
extracting files from cm.tar.lzma...
extracting files from courier.tar.lzma...
extracting files from cweb.tar.lzma...
extracting files from cyrillic.tar.lzma...
extracting files from dehyph.tar.lzma...
extracting files from dehyph-exptl.tar.lzma...
extracting files from dvipdfmx.tar.lzma...
extracting files from dvips.tar.lzma...
extracting files from ec.tar.lzma...
extracting files from elhyphen.tar.lzma...
extracting files from enctex.tar.lzma...
extracting files from etex.tar.lzma...
extracting files from etex-pkg.tar.lzma...
extracting files from euenc.tar.lzma...
extracting files from eurosym.tar.lzma...
extracting files from float.tar.lzma...
extracting files from fontconfig.tar.lzma...
extracting files from fontname.tar.lzma...
extracting files from fontspec.tar.lzma...
extracting files from geometry.tar.lzma...
extracting files from ghostscript.tar.lzma...
extracting files from graphics.tar.lzma...
extracting files from graphics-cfg.tar.lzma...
extracting files from graphics-def.tar.lzma...
extracting files from gsftopk.tar.lzma...
extracting files from helvetic.cab...
extracting files from hyperref.tar.lzma...
extracting files from hyph-utf8.tar.lzma...
extracting files from ifxetex.tar.lzma...
extracting files from jknappen.tar.lzma...
extracting files from knuth-lib.tar.lzma...
extracting files from knuth-local.tar.lzma...
extracting files from latex-fonts.tar.lzma...
extracting files from lm.tar.lzma...
extracting files from ltxbase.tar.lzma...
extracting files from ltxmisc.tar.lzma...
extracting files from lua-alt-getopt.tar.lzma...
extracting files from luainputenc.tar.lzma...
extracting files from lualibs.tar.lzma...
extracting files from luamplib.tar.lzma...
extracting files from luaotfload.tar.lzma...
extracting files from luatexbase.tar.lzma...
extracting files from luatextra.tar.lzma...
extracting files from makeindex.tar.lzma...
extracting files from metafont.tar.lzma...
extracting files from metapost.tar.lzma...
extracting files from mflogo.tar.lzma...
extracting files from mflogo-font.tar.lzma...
extracting files from mfware.tar.lzma...
extracting files from miktex-arctrl-bin-x64-2.9.tar.lzma...
extracting files from miktex-autosp-bin-x64-2.9.tar.lzma...
extracting files from miktex-axohelp-bin-x64-2.9.tar.lzma...
extracting files from miktex-bibarts-bin-x64.tar.lzma...
extracting files from miktex-biber-bin-x64.tar.lzma...
extracting files from miktex-bibtex-bin-x64-2.9.tar.lzma...
extracting files from miktex-bibtex8bit-bin-x64-2.9.tar.lzma...
extracting files from miktex-bin-x64-2.9.tar.lzma...
extracting files from miktex-bzip2-bin-x64-2.9.tar.lzma...
extracting files from miktex-cairo-bin-x64-2.9.tar.lzma...
extracting files from miktex-chktex-bin-x64-2.9.tar.lzma...
extracting files from miktex-cjkutils-bin-x64-2.9.tar.lzma...
extracting files from miktex-config-2.9.tar.lzma...
extracting files from miktex-curl-bin-x64-2.9.tar.lzma...
extracting files from miktex-cweb-bin-x64-2.9.tar.lzma...
extracting files from miktex-devnag-bin-x64-2.9.tar.lzma...
extracting files from miktex-dict-english.tar.lzma...
extracting files from miktex-dict-french.tar.lzma...
extracting files from miktex-dict-german.tar.lzma...
extracting files from miktex-doc-2.9.tar.lzma...
extracting files from miktex-dvicopy-bin-x64-2.9.tar.lzma...
extracting files from miktex-dvipdfmx.tar.lzma...
extracting files from miktex-dvipdfmx-bin-x64-2.9.tar.lzma...
extracting files from miktex-dvipng-bin-x64-2.9.tar.lzma...
extracting files from miktex-dvips.tar.lzma...
extracting files from miktex-dvips-bin-x64-2.9.tar.lzma...
extracting files from miktex-dvisvgm-bin-x64-2.9.tar.lzma...
extracting files from miktex-epstopdf-bin-x64-2.9.tar.lzma...
extracting files from miktex-etex.tar.lzma...
extracting files from miktex-expat-bin-x64-2.9.tar.lzma...
extracting files from miktex-findtexmf-bin-x64-2.9.tar.lzma...
extracting files from miktex-fontconfig.tar.lzma...
extracting files from miktex-fontconfig-bin-x64-2.9.tar.lzma...
extracting files from miktex-fonts-bin-x64-2.9.tar.lzma...
extracting files from miktex-freetype2-bin-x64-2.9.tar.lzma...
extracting files from miktex-fribidixetex-bin-x64-2.9.tar.lzma...
extracting files from miktex-gd-bin-x64-2.9.tar.lzma...
extracting files from miktex-ghostscript-bin-x64.tar.lzma...
extracting files from miktex-graphite2-bin-x64-2.9.tar.lzma...
extracting files from miktex-gregorio-bin-x64-2.9.tar.lzma...
extracting files from miktex-gsf2pk-bin-x64-2.9.tar.lzma...
extracting files from miktex-hunspell-bin-x64-2.9.tar.lzma...
extracting files from miktex-icu-bin-x64.tar.lzma...
extracting files from miktex-int-bin-x64-2.9.tar.lzma...
extracting files from miktex-jpeg-bin-x64-2.9.tar.lzma...
extracting files from miktex-kpathsea-bin-x64-2.9.tar.lzma...
extracting files from miktex-latex.tar.lzma...
extracting files from miktex-libressl-bin-x64-2.9.tar.lzma...
extracting files from miktex-log4cxx-bin-x64-2.9.tar.lzma...
extracting files from miktex-lua52-bin-x64-2.9.tar.lzma...
extracting files from miktex-luatex.tar.lzma...
extracting files from miktex-luatex-bin-x64-2.9.tar.lzma...
extracting files from miktex-lzma-bin-x64-2.9.tar.lzma...
extracting files from miktex-m-tx-bin-x64-2.9.tar.lzma...
extracting files from miktex-makeindex-bin-x64-2.9.tar.lzma...
extracting files from miktex-md5-bin-x64-2.9.tar.lzma...
extracting files from miktex-metafont.tar.lzma...
extracting files from miktex-metafont-bin-x64-2.9.tar.lzma...
extracting files from miktex-metapost.tar.lzma...
extracting files from miktex-metapost-bin-x64-2.9.tar.lzma...
extracting files from miktex-mfware-bin-x64-2.9.tar.lzma...
extracting files from miktex-misc.tar.lzma...
extracting files from miktex-mkfntmap-bin-x64-2.9.tar.lzma...
extracting files from miktex-mktex-bin-x64-2.9.tar.lzma...
extracting files from miktex-mo-bin-x64-2.9.tar.lzma...
extracting files from miktex-mpm-bin-x64-2.9.tar.lzma...
extracting files from miktex-mpmcli-bin-x64-2.9.tar.lzma...
extracting files from miktex-mspack-bin-x64-2.9.tar.lzma...
extracting files from miktex-mthelp-bin-x64-2.9.tar.lzma...
extracting files from miktex-mtprint-bin-x64-2.9.tar.lzma...
extracting files from miktex-omega.tar.lzma...
extracting files from miktex-omega-bin-x64-2.9.tar.lzma...
extracting files from miktex-pdftex.tar.lzma...
extracting files from miktex-pdftex-bin-x64-2.9.tar.lzma...
extracting files from miktex-pmx-bin-x64-2.9.tar.lzma...
extracting files from miktex-png-bin-x64-2.9.tar.lzma...
extracting files from miktex-poppler-bin-x64-2.9.tar.lzma...
extracting files from miktex-popt-bin-x64-2.9.tar.lzma...
extracting files from miktex-posix-bin-x64-2.9.tar.lzma...
extracting files from miktex-ps2pk-bin-x64-2.9.tar.lzma...
extracting files from miktex-psutils-bin-x64-2.9.tar.lzma...
extracting files from miktex-qt5-bin-x64.tar.lzma...
extracting files from miktex-runtime-bin-x64-2.9.tar.lzma...
extracting files from miktex-tdsutil-bin-x64-2.9.tar.lzma...
extracting files from miktex-teckit-bin-x64-2.9.tar.lzma...
extracting files from miktex-tex.tar.lzma...
extracting files from miktex-tex-bin-x64-2.9.tar.lzma...
extracting files from miktex-tex2xindy-bin-x64-2.9.tar.lzma...
extracting files from miktex-tex4ht.tar.lzma...
extracting files from miktex-tex4ht-bin-x64-2.9.tar.lzma...
extracting files from miktex-texify-bin-x64-2.9.tar.lzma...
extracting files from miktex-texinfo.tar.lzma...
extracting files from miktex-texware-bin-x64-2.9.tar.lzma...
extracting files from miktex-texworks-bin-x64-2.9.tar.lzma...
extracting files from miktex-ttf2pk2-bin-x64-2.9.tar.lzma...
extracting files from miktex-ucrt-bin-x64.tar.lzma...
extracting files from miktex-uriparser-bin-x64-2.9.tar.lzma...
extracting files from miktex-vc140-bin-x64.tar.lzma...
extracting files from miktex-web-bin-x64-2.9.tar.lzma...
extracting files from miktex-xetex.tar.lzma...
extracting files from miktex-xetex-bin-x64-2.9.tar.lzma...
extracting files from miktex-xindy-bin-x64.tar.lzma...
extracting files from miktex-yap-bin-x64-2.9.tar.lzma...
extracting files from miktex-zip-bin-x64.tar.lzma...
extracting files from miktex-zlib-bin-x64-2.9.tar.lzma...
extracting files from miktex-zzip-bin-x64-2.9.tar.lzma...
extracting files from multirow.tar.lzma...
extracting files from ncntrsbk.cab...
extracting files from oberdiek.tar.lzma...
extracting files from palatino.cab...
extracting files from pdftex.tar.lzma...
extracting files from plain.tar.lzma...
extracting files from polyglossia.tar.lzma...
extracting files from poppler.tar.lzma...
extracting files from pslatex.tar.lzma...
extracting files from psnfss.cab...
extracting files from pstricks.tar.lzma...
extracting files from psutils.tar.lzma...
extracting files from rsfs.tar.lzma...
extracting files from ruhyphen.tar.lzma...
extracting files from tetex.tar.lzma...
extracting files from tex-ini-files.tar.lzma...
extracting files from texinfo.tar.lzma...
extracting files from thumbpdf.tar.lzma...
extracting files from times.cab...
extracting files from tools.tar.lzma...
extracting files from ttf2pk.tar.lzma...
extracting files from ukrhyph.tar.lzma...
extracting files from unicode-data.tar.lzma...
extracting files from utopia.cab...
extracting files from xetex.tar.lzma...
extracting files from xgreek.tar.lzma...
extracting files from xindy.tar.lzma...
extracting files from xkeyval.tar.lzma...
extracting files from xltxtra.tar.lzma...
extracting files from xunicode.tar.lzma...
extracting files from xypic.tar.lzma...
extracting files from zapfchan.cab...
extracting files from zapfding.cab...
extracting files from zerohyph.tar.lzma...
updating package definition directory ("C:\Users\Grishma Ray Pandeya\AppData\Local\Programs\MiKTeX 2.9\tpm\packages")...
installed 3127 package definition files
visiting repository C:\Users\GRISHM~1\AppData\Local\Temp\mik4506...
repository type: local package repository
loading lightweight database...
"C:\Users\Grishma Ray Pandeya\AppData\Local\Programs\MiKTeX 2.9\miktex/bin/x64\initexmf.exe" --user-install="C:\Users\Grishma Ray Pandeya\AppData\Local\Programs\MiKTeX 2.9" --log-file="C:\Users\Grishma Ray Pandeya\AppData\Local\Programs\MiKTeX 2.9\miktex/config\uninst.log" --verbose:
30 [0x0000d4ec] INFO initexmf null - starting: MiKTeX Configuration Utility 2.9.6354 (MiKTeX 2.9.6350 64-bit)
125 [0x0000d4ec] INFO initexmf null - Registering root directories...
Registering root directories...
"C:\Users\Grishma Ray Pandeya\AppData\Local\Programs\MiKTeX 2.9\miktex/bin/x64\initexmf.exe" --rmfndb --log-file="C:\Users\Grishma Ray Pandeya\AppData\Local\Programs\MiKTeX 2.9\miktex/config\uninst.log" --verbose:
"C:\Users\Grishma Ray Pandeya\AppData\Local\Programs\MiKTeX 2.9\miktex/bin/x64\mpm.exe" --register-components --verbose:
configuring fontconfig\config\fonts.conf
registering C:\Users\Grishma Ray Pandeya\AppData\Local\Programs\MiKTeX 2.9\miktex/bin/x64\MiKTeX209-core.dll
registering C:\Users\Grishma Ray Pandeya\AppData\Local\Programs\MiKTeX 2.9\miktex/bin/x64\MiKTeX209-core-PS.dll
registering C:\Users\Grishma Ray Pandeya\AppData\Local\Programs\MiKTeX 2.9\miktex/bin/x64\MiKTeX209-packagemanager.dll
registering C:\Users\Grishma Ray Pandeya\AppData\Local\Programs\MiKTeX 2.9\miktex/bin/x64\MiKTeX209-packagemanager-PS.dll
"C:\Users\Grishma Ray Pandeya\AppData\Local\Programs\MiKTeX 2.9\miktex/bin/x64\initexmf.exe" --update-fndb --log-file="C:\Users\Grishma Ray Pandeya\AppData\Local\Programs\MiKTeX 2.9\miktex/config\uninst.log" --verbose:
Creating fndb for user root directory ("C:\Users\Grishma Ray Pandeya\AppData\Roaming\MiKTeX\2.9")...
Creating fndb for user root directory ("C:\Users\Grishma Ray Pandeya\AppData\Local\MiKTeX\2.9")...
Creating fndb for user root directory ("C:\Users\Grishma Ray Pandeya\AppData\Local\Programs\MiKTeX 2.9")...
Skipping common root directory (C:\ProgramData\MiKTeX\2.9)...
Skipping common root directory ("C:\Program Files\MiKTeX 2.9")...
"C:\Users\Grishma Ray Pandeya\AppData\Local\Programs\MiKTeX 2.9\miktex/bin/x64\initexmf.exe" --force --mklinks --log-file="C:\Users\Grishma Ray Pandeya\AppData\Local\Programs\MiKTeX 2.9\miktex/config\uninst.log" --verbose:
"C:\Users\Grishma Ray Pandeya\AppData\Local\Programs\MiKTeX 2.9\miktex/bin/x64\initexmf.exe" --mkmaps --mklangs --log-file="C:\Users\Grishma Ray Pandeya\AppData\Local\Programs\MiKTeX 2.9\miktex/config\uninst.log" --verbose:
Creating language.dat, language.dat.lua and language.def...
Parsing config file "C:\Users\Grishma Ray Pandeya\AppData\Local\Programs\MiKTeX 2.9\miktex\config\updmap.cfg"...
Parsing "C:\Users\Grishma Ray Pandeya\AppData\Local\Programs\MiKTeX 2.9\fonts\map\dvips\tetex\dvips35.map"...
Parsing "C:\Users\Grishma Ray Pandeya\AppData\Local\Programs\MiKTeX 2.9\fonts\map\dvips\tetex\pdftex35.map"...
Parsing "C:\Users\Grishma Ray Pandeya\AppData\Local\Programs\MiKTeX 2.9\fonts\map\dvips\tetex\dvipdfm35.map"...
Parsing "C:\Users\Grishma Ray Pandeya\AppData\Local\Programs\MiKTeX 2.9\fonts\map\dvips\tetex\ps2pk35.map"...
Parsing "C:\Users\Grishma Ray Pandeya\AppData\Local\Programs\MiKTeX 2.9\fonts\map\dvips\amsfonts\cm.map"...
Parsing "C:\Users\Grishma Ray Pandeya\AppData\Local\Programs\MiKTeX 2.9\fonts\map\dvips\amsfonts\cmextra.map"...
Parsing "C:\Users\Grishma Ray Pandeya\AppData\Local\Programs\MiKTeX 2.9\fonts\map\dvips\amsfonts\cyrillic.map"...
Parsing "C:\Users\Grishma Ray Pandeya\AppData\Local\Programs\MiKTeX 2.9\fonts\map\dvips\amsfonts\euler.map"...
Parsing "C:\Users\Grishma Ray Pandeya\AppData\Local\Programs\MiKTeX 2.9\dvips\eurosym\eurosym.map"...
Parsing "C:\Users\Grishma Ray Pandeya\AppData\Local\Programs\MiKTeX 2.9\fonts\map\dvips\amsfonts\latxfont.map"...
Parsing "C:\Users\Grishma Ray Pandeya\AppData\Local\Programs\MiKTeX 2.9\fonts\map\dvips\mflogo-font\mflogo.map"...
Parsing "C:\Users\Grishma Ray Pandeya\AppData\Local\Programs\MiKTeX 2.9\fonts\map\dvips\rsfs\rsfs.map"...
Parsing "C:\Users\Grishma Ray Pandeya\AppData\Local\Programs\MiKTeX 2.9\fonts\map\dvips\amsfonts\symbols.map"...
Parsing "C:\Users\Grishma Ray Pandeya\AppData\Local\Programs\MiKTeX 2.9\fonts\map\dvips\xypic\xypic.map"...
Parsing "C:\Users\Grishma Ray Pandeya\AppData\Local\Programs\MiKTeX 2.9\fonts\map\dvips\psnfss\charter.map"...
Parsing "C:\Users\Grishma Ray Pandeya\AppData\Local\Programs\MiKTeX 2.9\fonts\map\dvips\psnfss\fpls.map"...
Parsing "C:\Users\Grishma Ray Pandeya\AppData\Local\Programs\MiKTeX 2.9\fonts\map\dvips\lm\lm.map"...
Parsing "C:\Users\Grishma Ray Pandeya\AppData\Local\Programs\MiKTeX 2.9\fonts\map\dvips\psnfss\pazo.map"...
Parsing "C:\Users\Grishma Ray Pandeya\AppData\Local\Programs\MiKTeX 2.9\fonts\map\dvips\pslatex\pcrr8rn.map"...
Parsing "C:\Users\Grishma Ray Pandeya\AppData\Local\Programs\MiKTeX 2.9\fonts\map\dvips\psnfss\psnfss.map"...
Parsing "C:\Users\Grishma Ray Pandeya\AppData\Local\Programs\MiKTeX 2.9\fonts\map\dvips\avantgar\uag.map"...
Parsing "C:\Users\Grishma Ray Pandeya\AppData\Local\Programs\MiKTeX 2.9\fonts\map\dvips\bookman\ubk.map"...
Parsing "C:\Users\Grishma Ray Pandeya\AppData\Local\Programs\MiKTeX 2.9\fonts\map\dvips\courier\ucr.map"...
Parsing "C:\Users\Grishma Ray Pandeya\AppData\Local\Programs\MiKTeX 2.9\fonts\map\dvips\helvetic\uhv.map"...
Parsing "C:\Users\Grishma Ray Pandeya\AppData\Local\Programs\MiKTeX 2.9\fonts\map\dvips\ncntrsbk\unc.map"...
Parsing "C:\Users\Grishma Ray Pandeya\AppData\Local\Programs\MiKTeX 2.9\fonts\map\dvips\palatino\upl.map"...
Parsing "C:\Users\Grishma Ray Pandeya\AppData\Local\Programs\MiKTeX 2.9\fonts\map\dvips\times\utm.map"...
Parsing "C:\Users\Grishma Ray Pandeya\AppData\Local\Programs\MiKTeX 2.9\fonts\map\dvips\psnfss\utopia.map"...
Parsing "C:\Users\Grishma Ray Pandeya\AppData\Local\Programs\MiKTeX 2.9\fonts\map\dvips\zapfchan\uzc.map"...
Parsing "C:\Users\Grishma Ray Pandeya\AppData\Local\Programs\MiKTeX 2.9\fonts\map\dvips\zapfding\uzd.map"...
Writing "C:\Users\Grishma Ray Pandeya\AppData\Local\MiKTeX\2.9\dvips\config\ps2pk.map"...
Writing "C:\Users\Grishma Ray Pandeya\AppData\Local\MiKTeX\2.9\dvips\config\download35.map"...
Writing "C:\Users\Grishma Ray Pandeya\AppData\Local\MiKTeX\2.9\dvips\config\builtin35.map"...
Writing "C:\Users\Grishma Ray Pandeya\AppData\Local\MiKTeX\2.9\dvips\config\psfonts_t1.map"...
Writing "C:\Users\Grishma Ray Pandeya\AppData\Local\MiKTeX\2.9\dvips\config\psfonts_pk.map"...
Writing "C:\Users\Grishma Ray Pandeya\AppData\Local\MiKTeX\2.9\pdftex\config\pdftex_ndl14.map"...
Writing "C:\Users\Grishma Ray Pandeya\AppData\Local\MiKTeX\2.9\pdftex\config\pdftex_dl14.map"...
Writing "C:\Users\Grishma Ray Pandeya\AppData\Local\MiKTeX\2.9\dvipdfm\config\dvipdfm_dl14.map"...
Writing "C:\Users\Grishma Ray Pandeya\AppData\Local\MiKTeX\2.9\dvipdfm\config\dvipdfm_ndl14.map"...
Copying "C:\Users\Grishma Ray Pandeya\AppData\Local\MiKTeX\2.9\dvips\config\psfonts_t1.map"
     to "C:\Users\Grishma Ray Pandeya\AppData\Local\MiKTeX\2.9\dvips\config\psfonts.map"...
Copying "C:\Users\Grishma Ray Pandeya\AppData\Local\MiKTeX\2.9\dvipdfm\config\dvipdfm_dl14.map"
     to "C:\Users\Grishma Ray Pandeya\AppData\Local\MiKTeX\2.9\dvipdfm\config\dvipdfm.map"...
Copying "C:\Users\Grishma Ray Pandeya\AppData\Local\MiKTeX\2.9\pdftex\config\pdftex_dl14.map"
     to "C:\Users\Grishma Ray Pandeya\AppData\Local\MiKTeX\2.9\pdftex\config\pdftex.map"...
"C:\Users\Grishma Ray Pandeya\AppData\Local\Programs\MiKTeX 2.9\miktex/bin/x64\initexmf.exe" --default-paper-size=A4 --log-file="C:\Users\Grishma Ray Pandeya\AppData\Local\Programs\MiKTeX 2.9\miktex/config\uninst.log" --verbose:
"C:\Users\Grishma Ray Pandeya\AppData\Local\Programs\MiKTeX 2.9\miktex/bin/x64\initexmf.exe" --set-config-value=[MPM]AutoInstall=2 --log-file="C:\Users\Grishma Ray Pandeya\AppData\Local\Programs\MiKTeX 2.9\miktex/config\uninst.log" --verbose:
"C:\Users\Grishma Ray Pandeya\AppData\Local\Programs\MiKTeX 2.9\miktex/bin/x64\initexmf.exe" --update-fndb --log-file="C:\Users\Grishma Ray Pandeya\AppData\Local\Programs\MiKTeX 2.9\miktex/config\uninst.log" --verbose:
Creating fndb for user root directory ("C:\Users\Grishma Ray Pandeya\AppData\Roaming\MiKTeX\2.9")...
Creating fndb for user root directory ("C:\Users\Grishma Ray Pandeya\AppData\Local\MiKTeX\2.9")...
Creating fndb for user root directory ("C:\Users\Grishma Ray Pandeya\AppData\Local\Programs\MiKTeX 2.9")...
Skipping common root directory (C:\ProgramData\MiKTeX\2.9)...
Skipping common root directory ("C:\Program Files\MiKTeX 2.9")...
"C:\Users\Grishma Ray Pandeya\AppData\Local\Programs\MiKTeX 2.9\miktex/bin/x64\initexmf.exe" --register-shell-file-types --log-file="C:\Users\Grishma Ray Pandeya\AppData\Local\Programs\MiKTeX 2.9\miktex/config\uninst.log" --verbose:
"C:\Users\Grishma Ray Pandeya\AppData\Local\Programs\MiKTeX 2.9\miktex/bin/x64\initexmf.exe" --modify-path --log-file="C:\Users\Grishma Ray Pandeya\AppData\Local\Programs\MiKTeX 2.9\miktex/config\uninst.log" --verbose:
"C:\Users\Grishma Ray Pandeya\AppData\Local\Programs\MiKTeX 2.9\miktex/bin/x64\initexmf.exe" --report --log-file="C:\Users\Grishma Ray Pandeya\AppData\Local\Programs\MiKTeX 2.9\miktex/config\uninst.log" --verbose:
MiKTeX: MiKTeX 2.9.6350 64-bit
Invokers: explorer/chrome/basic-miktex-2.9.6361-x64
SharedSetup: no
SystemAdmin: yes
PowerUser: no
OS: Windows 10 Pro, 64-bit, build 14393
Root #0: C:\Users\Grishma Ray Pandeya\AppData\Roaming\MiKTeX\2.9
Root #1: C:\Users\Grishma Ray Pandeya\AppData\Local\MiKTeX\2.9
Root #2: C:\Users\Grishma Ray Pandeya\AppData\Local\Programs\MiKTeX 2.9
Root #3: C:\ProgramData\MiKTeX\2.9
Root #4: C:\Program Files\MiKTeX 2.9
UserInstall: C:\Users\Grishma Ray Pandeya\AppData\Local\Programs\MiKTeX 2.9
UserData: C:\Users\Grishma Ray Pandeya\AppData\Local\MiKTeX\2.9
UserConfig: C:\Users\Grishma Ray Pandeya\AppData\Roaming\MiKTeX\2.9
CommonInstall: C:\Program Files\MiKTeX 2.9
CommonData: C:\ProgramData\MiKTeX\2.9
CommonConfig: C:\ProgramData\MiKTeX\2.9
creating shell link "C:\Users\Grishma Ray Pandeya\AppData\Roaming\Microsoft\Windows\Start Menu\Programs\MiKTeX 2.9\TeXworks.lnk"...
creating shell link "C:\Users\Grishma Ray Pandeya\AppData\Roaming\Microsoft\Windows\Start Menu\Programs\MiKTeX 2.9\DVI Previewer (Yap).lnk"...
creating shell link "C:\Users\Grishma Ray Pandeya\AppData\Roaming\Microsoft\Windows\Start Menu\Programs\MiKTeX 2.9\Maintenance\MiKTeX Settings.lnk"...
creating shell link "C:\Users\Grishma Ray Pandeya\AppData\Roaming\Microsoft\Windows\Start Menu\Programs\MiKTeX 2.9\Maintenance\MiKTeX Update.lnk"...
creating shell link "C:\Users\Grishma Ray Pandeya\AppData\Roaming\Microsoft\Windows\Start Menu\Programs\MiKTeX 2.9\Maintenance\MiKTeX Package Manager.lnk"...
creating shell link "C:\Users\Grishma Ray Pandeya\AppData\Roaming\Microsoft\Windows\Start Menu\Programs\MiKTeX 2.9\Help\MiKTeX Manual.lnk"...
creating shell link "C:\Users\Grishma Ray Pandeya\AppData\Roaming\Microsoft\Windows\Start Menu\Programs\MiKTeX 2.9\Help\MiKTeX FAQ.lnk"...
creating internet shortcut "C:\Users\Grishma Ray Pandeya\AppData\Roaming\Microsoft\Windows\Start Menu\Programs\MiKTeX 2.9\MiKTeX on the Web\MiKTeX Project Page.url"...
creating internet shortcut "C:\Users\Grishma Ray Pandeya\AppData\Roaming\Microsoft\Windows\Start Menu\Programs\MiKTeX 2.9\MiKTeX on the Web\MiKTeX Support.url"...
creating internet shortcut "C:\Users\Grishma Ray Pandeya\AppData\Roaming\Microsoft\Windows\Start Menu\Programs\MiKTeX 2.9\MiKTeX on the Web\Give back.url"...
creating internet shortcut "C:\Users\Grishma Ray Pandeya\AppData\Roaming\Microsoft\Windows\Start Menu\Programs\MiKTeX 2.9\MiKTeX on the Web\Known Issues.url"...
